<?xml version="1.0" encoding="UTF-8"?>
<testng-results skipped="0" failed="0" total="4" passed="4">
  <reporter-output>
  </reporter-output>
  <suite name="All Test Suite" duration-ms="3362" started-at="2022-07-13T14:04:04Z" finished-at="2022-07-13T14:04:08Z">
    <groups>
    </groups>
    <test name="all" duration-ms="3362" started-at="2022-07-13T14:04:04Z" finished-at="2022-07-13T14:04:08Z">
      <class name="tests.homePageTests.HomePageTests">
        <test-method status="PASS" signature="addItemToCart()[pri:0, instance:tests.homePageTests.HomePageTests@c4d2c44]" name="addItemToCart" duration-ms="1062" started-at="2022-07-13T17:04:04Z" description="It is possible to add item to cart" finished-at="2022-07-13T17:04:05Z">
          <reporter-output>
          </reporter-output>
        </test-method> <!-- addItemToCart -->
        <test-method status="PASS" signature="afterMethod()[pri:0, instance:tests.homePageTests.HomePageTests@c4d2c44]" name="afterMethod" is-config="true" duration-ms="253" started-at="2022-07-13T17:04:06Z" finished-at="2022-07-13T17:04:06Z">
          <reporter-output>
          </reporter-output>
        </test-method> <!-- afterMethod -->
        <test-method status="PASS" signature="hitLoginWithoutEnteredData()[pri:0, instance:tests.homePageTests.HomePageTests@c4d2c44]" name="hitLoginWithoutEnteredData" duration-ms="188" started-at="2022-07-13T17:04:06Z" description="KoKo" finished-at="2022-07-13T17:04:06Z">
          <reporter-output>
          </reporter-output>
        </test-method> <!-- hitLoginWithoutEnteredData -->
        <test-method status="PASS" signature="afterMethod()[pri:0, instance:tests.homePageTests.HomePageTests@c4d2c44]" name="afterMethod" is-config="true" duration-ms="103" started-at="2022-07-13T17:04:06Z" finished-at="2022-07-13T17:04:06Z">
          <reporter-output>
          </reporter-output>
        </test-method> <!-- afterMethod -->
        <test-method status="PASS" signature="loginWithCorrectCredential()[pri:0, instance:tests.homePageTests.HomePageTests@c4d2c44]" name="loginWithCorrectCredential" duration-ms="274" started-at="2022-07-13T17:04:06Z" description="Log in with correct credentials" finished-at="2022-07-13T17:04:06Z">
          <reporter-output>
          </reporter-output>
        </test-method> <!-- loginWithCorrectCredential -->
        <test-method status="PASS" signature="afterMethod()[pri:0, instance:tests.homePageTests.HomePageTests@c4d2c44]" name="afterMethod" is-config="true" duration-ms="259" started-at="2022-07-13T17:04:06Z" finished-at="2022-07-13T17:04:07Z">
          <reporter-output>
          </reporter-output>
        </test-method> <!-- afterMethod -->
        <test-method status="PASS" signature="loginWithIncorrectCredential()[pri:0, instance:tests.homePageTests.HomePageTests@c4d2c44]" name="loginWithIncorrectCredential" duration-ms="341" started-at="2022-07-13T17:04:07Z" finished-at="2022-07-13T17:04:07Z">
          <reporter-output>
          </reporter-output>
        </test-method> <!-- loginWithIncorrectCredential -->
        <test-method status="PASS" signature="afterMethod()[pri:0, instance:tests.homePageTests.HomePageTests@c4d2c44]" name="afterMethod" is-config="true" duration-ms="103" started-at="2022-07-13T17:04:07Z" finished-at="2022-07-13T17:04:07Z">
          <reporter-output>
          </reporter-output>
        </test-method> <!-- afterMethod -->
        <test-method status="PASS" signature="afterTest()[pri:0, instance:tests.homePageTests.HomePageTests@c4d2c44]" name="afterTest" is-config="true" duration-ms="615" started-at="2022-07-13T17:04:07Z" finished-at="2022-07-13T17:04:08Z">
          <reporter-output>
          </reporter-output>
        </test-method> <!-- afterTest -->
      </class> <!-- tests.homePageTests.HomePageTests -->
    </test> <!-- all -->
  </suite> <!-- All Test Suite -->
</testng-results>
