<?xml version="1.0" encoding="UTF-8"?>
<!-- Generated by org.testng.reporters.JUnitXMLReporter -->
<testsuite hostname="DESKTOP-SP408RB" name="all" tests="4" failures="0" timestamp="13 Jul 2022 13:18:57 GMT" time="4.113" errors="0">
  <testcase name="addItemToCart" time="1.353" classname="tests.homePageTests.HomePageTests"/>
  <testcase name="hitLoginWithoutEnteredData" time="0.198" classname="tests.homePageTests.HomePageTests"/>
  <testcase name="loginWithCorrectCredential" time="0.287" classname="tests.homePageTests.HomePageTests"/>
  <testcase name="loginWithIncorrectCredential" time="0.4" classname="tests.homePageTests.HomePageTests"/>
</testsuite> <!-- all -->
